<?xml version="1.0" encoding="UTF-8"?>
<!-- Generated by org.testng.reporters.JUnitReportReporter -->
<testsuite hostname="LAPTOP-NH2OS09M" failures="0" tests="2" name="com.hcl.rough.MultiBrowser" time="0.000" errors="0" timestamp="2022-03-18T09:47:47 IST" skipped="0">
  <testcase classname="com.hcl.rough.MultiBrowser" name="login" time="0.000"/>
  <system-out/>
  <testcase classname="com.hcl.rough.MultiBrowser" name="login" time="0.000"/>
  <system-out/>
</testsuite> <!-- com.hcl.rough.MultiBrowser -->
