<?xml version="1.0" encoding="UTF-8"?>
<!-- Generated by org.testng.reporters.JUnitReportReporter -->
<testsuite hostname="LAPTOP-NH2OS09M" failures="0" tests="1" name="com.hcl.TestCase.TestCase_01" time="0.000" errors="0" timestamp="2022-02-24T15:53:05 IST" skipped="1">
  <testcase classname="com.hcl.TestCase.TestCase_01" name="logintest" time="0.000">
    <skipped/>
  </testcase> <!-- logintest -->
  <system-out/>
</testsuite> <!-- com.hcl.TestCase.TestCase_01 -->
