<?xml version="1.0" encoding="UTF-8"?>
<!-- Generated by org.testng.reporters.JUnitReportReporter -->
<testsuite hostname="LAPTOP-NH2OS09M" failures="0" tests="3" name="com.hcl.TestCase.CarNameAndPriceTest" time="16.367" errors="0" timestamp="2022-03-14T10:55:49 IST" skipped="2">
  <testcase classname="com.hcl.TestCase.CarNameAndPriceTest" name="carNameAndPrice" time="0.009">
    <skipped/>
  </testcase> <!-- carNameAndPrice -->
  <system-out/>
  <testcase classname="com.hcl.TestCase.CarNameAndPriceTest" name="carNameAndPrice" time="0.842">
    <skipped/>
  </testcase> <!-- carNameAndPrice -->
  <system-out/>
  <testcase classname="com.hcl.TestCase.CarNameAndPriceTest" name="carNameAndPrice" time="15.516"/>
  <system-out/>
</testsuite> <!-- com.hcl.TestCase.CarNameAndPriceTest -->
