<?xml version="1.0" encoding="UTF-8"?>
<!-- Generated by org.testng.reporters.JUnitReportReporter -->
<testsuite hostname="LAPTOP-NH2OS09M" failures="0" tests="1" name="com.hcl.TestCase.CreateAccountTest" time="37.727" errors="0" timestamp="2022-03-18T11:50:23 IST" skipped="0">
  <testcase classname="com.hcl.TestCase.CreateAccountTest" name="createaccount" time="37.727"/>
  <system-out/>
</testsuite> <!-- com.hcl.TestCase.CreateAccountTest -->
